# GHC 7.11, f2ffdc6e023e3fb075842de382f3ed9aeb902647
10 0.491224050522
10 0.494042873383
10 0.563820123672
10 0.560940980911
10 0.524270057678
10 0.666478872299
10 0.568007946014
10 0.550151109695
10 0.502245903015
10 0.642494916916

50 2.38139986992
50 2.20416378975
50 2.15908002853
50 2.19637489319
50 2.20007300377
50 2.28850197792
50 2.2453649044
50 2.27957105637
50 2.1735959053
50 2.18519616127

100 4.47704291344
100 4.43404889107
100 4.36087799072
100 4.35159015656
100 4.94901490211
100 4.57032203674
100 4.33777403831
100 4.30337190628
100 4.32531881332
100 4.28259992599

150 6.64281606674
150 7.13935494423
150 7.01465892792
150 7.169891119
150 7.10865783691
150 6.84583187103
150 7.25622487068
150 7.41672205925
150 6.7255358696
150 6.59673905373

200 9.22967195511
200 9.48861598969
200 10.443677187
200 9.93250107765
200 9.13698101044
200 9.73552703857
200 9.39481496811
200 9.32970285416
200 9.22205114365
200 9.30390000343

250 11.722632885
250 11.7363619804
250 11.7229690552
250 11.8934180737
250 13.0378398895
250 11.9979090691
250 11.7434239388
250 11.879226923
250 11.8762550354
250 11.6476500034

300 14.7010040283
300 14.6139280796
300 14.7558729649
300 15.5679590702
300 14.6397118568
300 14.5225350857
300 14.7590839863
300 14.671391964
300 15.0452570915
300 14.4846770763

350 17.2175848484
350 19.1079189777
350 17.5001540184
350 17.1222119331
350 17.3393571377
350 17.4686729908
350 17.2545669079
350 17.5741460323
350 18.5643219948
350 17.4020011425

300 14.356192112
300 14.4165129662
300 14.5400469303
300 14.7939150333
300 14.9351480007
300 15.6323578358
300 14.685986042
300 14.9866640568
300 14.937718153
300 15.361194849

450 26.7284801006
450 23.0937991142
450 24.6349961758
450 22.9501409531
450 23.0869588852
450 22.3411130905
450 22.7265450954
450 26.8104159832
450 24.0406341553
450 23.1731569767

500 26.2896220684
500 26.1726531982
500 27.2511529922
500 27.5248990059
500 28.4762949944
500 27.9147880077
500 29.0044839382
500 28.1959819794
500 29.7188818455
500 28.4665651321

1000 70.0292739868
1000 71.7223341465
1000 67.2340099812
1000 68.5251269341
1000 69.3969259262
1000 69.7053730488
1000 70.1873178482
1000 73.6738069057
1000 69.5663740635
1000 65.4499881268

600 37.4905591011
600 36.2147901058
600 34.6315999031
600 35.2337889671
600 35.4286267757
600 36.7714219093
600 36.0218698978
600 37.0050399303
600 36.529073
600 34.6246190071

800 48.1206469536
800 50.0242989063
800 48.1713290215
800 50.1953849792
800 48.9506571293
800 48.0447819233
800 50.0426490307
800 49.5439770222
800 50.0364999771
800 49.2265119553

1500 155.797233105
1500 136.019262075
1500 119.462769985
1500 122.350325108
1500 121.214824915
1500 118.460978031
1500 120.250705957
1500 119.294524908
1500 122.962575197
1500 127.800089836

2000 195.181540966
2000 190.971293926
2000 193.46270895

4000 709.470955849
4000 665.534635067

